This is pdfTeX, Version 3.141592653-2.6-1.40.24 (TeX Live 2022) (preloaded format=pdflatex 2022.10.25)  14 DEC 2022 12:38
entering extended mode
 restricted \write18 enabled.
 %&-line parsing enabled.
**EDA_Final_Group_Project.tex
(./EDA_Final_Group_Project.tex
LaTeX2e <2022-06-01> patch level 5
L3 programming layer <2022-09-28> (c:/Users/sasho/AppData/Roaming/TinyTeX/texmf-dist/tex/latex/base/article.cls
Document Class: article 2021/10/04 v1.4n Standard LaTeX document class
(c:/Users/sasho/AppData/Roaming/TinyTeX/texmf-dist/tex/latex/base/size12.clo
File: size12.clo 2021/10/04 v1.4n Standard LaTeX file (size option)
)
\c@part=\count185
\c@section=\count186
\c@subsection=\count187
\c@subsubsection=\count188
\c@paragraph=\count189
\c@subparagraph=\count190
\c@figure=\count191
\c@table=\count192
\abovecaptionskip=\skip47
\belowcaptionskip=\skip48
\bibindent=\dimen138
) (c:/Users/sasho/AppData/Roaming/TinyTeX/texmf-dist/tex/latex/amsmath/amsmath.sty
Package: amsmath 2022/04/08 v2.17n AMS math features
\@mathmargin=\skip49
For additional information on amsmath, use the `?' option.
(c:/Users/sasho/AppData/Roaming/TinyTeX/texmf-dist/tex/latex/amsmath/amstext.sty
Package: amstext 2021/08/26 v2.01 AMS text
(c:/Users/sasho/AppData/Roaming/TinyTeX/texmf-dist/tex/latex/amsmath/amsgen.sty
File: amsgen.sty 1999/11/30 v2.0 generic functions
\@emptytoks=\toks16
\ex@=\dimen139
)) (c:/Users/sasho/AppData/Roaming/TinyTeX/texmf-dist/tex/latex/amsmath/amsbsy.sty
Package: amsbsy 1999/11/29 v1.2d Bold Symbols
\pmbraise@=\dimen140
) (c:/Users/sasho/AppData/Roaming/TinyTeX/texmf-dist/tex/latex/amsmath/amsopn.sty
Package: amsopn 2022/04/08 v2.04 operator names
)
\inf@bad=\count193
LaTeX Info: Redefining \frac on input line 234.
\uproot@=\count194
\leftroot@=\count195
LaTeX Info: Redefining \overline on input line 399.
LaTeX Info: Redefining \colon on input line 410.
\classnum@=\count196
\DOTSCASE@=\count197
LaTeX Info: Redefining \ldots on input line 496.
LaTeX Info: Redefining \dots on input line 499.
LaTeX Info: Redefining \cdots on input line 620.
\Mathstrutbox@=\box51
\strutbox@=\box52
LaTeX Info: Redefining \big on input line 722.
LaTeX Info: Redefining \Big on input line 723.
LaTeX Info: Redefining \bigg on input line 724.
LaTeX Info: Redefining \Bigg on input line 725.
\big@size=\dimen141
LaTeX Font Info:    Redeclaring font encoding OML on input line 743.
LaTeX Font Info:    Redeclaring font encoding OMS on input line 744.
\macc@depth=\count198
LaTeX Info: Redefining \bmod on input line 905.
LaTeX Info: Redefining \pmod on input line 910.
LaTeX Info: Redefining \smash on input line 940.
LaTeX Info: Redefining \relbar on input line 970.
LaTeX Info: Redefining \Relbar on input line 971.
\c@MaxMatrixCols=\count199
\dotsspace@=\muskip16
\c@parentequation=\count266
\dspbrk@lvl=\count267
\tag@help=\toks17
\row@=\count268
\column@=\count269
\maxfields@=\count270
\andhelp@=\toks18
\eqnshift@=\dimen142
\alignsep@=\dimen143
\tagshift@=\dimen144
\tagwidth@=\dimen145
\totwidth@=\dimen146
\lineht@=\dimen147
\@envbody=\toks19
\multlinegap=\skip50
\multlinetaggap=\skip51
\mathdisplay@stack=\toks20
LaTeX Info: Redefining \[ on input line 2953.
LaTeX Info: Redefining \] on input line 2954.
) (c:/Users/sasho/AppData/Roaming/TinyTeX/texmf-dist/tex/latex/amsfonts/amssymb.sty
Package: amssymb 2013/01/14 v3.01 AMS font symbols
(c:/Users/sasho/AppData/Roaming/TinyTeX/texmf-dist/tex/latex/amsfonts/amsfonts.sty
Package: amsfonts 2013/01/14 v3.01 Basic AMSFonts support
\symAMSa=\mathgroup4
\symAMSb=\mathgroup5
LaTeX Font Info:    Redeclaring math symbol \hbar on input line 98.
LaTeX Font Info:    Overwriting math alphabet `\mathfrak' in version `bold'
(Font)                  U/euf/m/n --> U/euf/b/n on input line 106.
)) (c:/Users/sasho/AppData/Roaming/TinyTeX/texmf-dist/tex/latex/lm/lmodern.sty
Package: lmodern 2015/05/01 v1.6.1 Latin Modern Fonts
LaTeX Font Info:    Overwriting symbol font `operators' in version `normal'
(Font)                  OT1/cmr/m/n --> OT1/lmr/m/n on input line 22.
LaTeX Font Info:    Overwriting symbol font `letters' in version `normal'
(Font)                  OML/cmm/m/it --> OML/lmm/m/it on input line 23.
LaTeX Font Info:    Overwriting symbol font `symbols' in version `normal'
(Font)                  OMS/cmsy/m/n --> OMS/lmsy/m/n on input line 24.
LaTeX Font Info:    Overwriting symbol font `largesymbols' in version `normal'
(Font)                  OMX/cmex/m/n --> OMX/lmex/m/n on input line 25.
LaTeX Font Info:    Overwriting symbol font `operators' in version `bold'
(Font)                  OT1/cmr/bx/n --> OT1/lmr/bx/n on input line 26.
LaTeX Font Info:    Overwriting symbol font `letters' in version `bold'
(Font)                  OML/cmm/b/it --> OML/lmm/b/it on input line 27.
LaTeX Font Info:    Overwriting symbol font `symbols' in version `bold'
(Font)                  OMS/cmsy/b/n --> OMS/lmsy/b/n on input line 28.
LaTeX Font Info:    Overwriting symbol font `largesymbols' in version `bold'
(Font)                  OMX/cmex/m/n --> OMX/lmex/m/n on input line 29.
LaTeX Font Info:    Overwriting math alphabet `\mathbf' in version `normal'
(Font)                  OT1/cmr/bx/n --> OT1/lmr/bx/n on input line 31.
LaTeX Font Info:    Overwriting math alphabet `\mathsf' in version `normal'
(Font)                  OT1/cmss/m/n --> OT1/lmss/m/n on input line 32.
LaTeX Font Info:    Overwriting math alphabet `\mathit' in version `normal'
(Font)                  OT1/cmr/m/it --> OT1/lmr/m/it on input line 33.
LaTeX Font Info:    Overwriting math alphabet `\mathtt' in version `normal'
(Font)                  OT1/cmtt/m/n --> OT1/lmtt/m/n on input line 34.
LaTeX Font Info:    Overwriting math alphabet `\mathbf' in version `bold'
(Font)                  OT1/cmr/bx/n --> OT1/lmr/bx/n on input line 35.
LaTeX Font Info:    Overwriting math alphabet `\mathsf' in version `bold'
(Font)                  OT1/cmss/bx/n --> OT1/lmss/bx/n on input line 36.
LaTeX Font Info:    Overwriting math alphabet `\mathit' in version `bold'
(Font)                  OT1/cmr/bx/it --> OT1/lmr/bx/it on input line 37.
LaTeX Font Info:    Overwriting math alphabet `\mathtt' in version `bold'
(Font)                  OT1/cmtt/m/n --> OT1/lmtt/m/n on input line 38.
) (c:/Users/sasho/AppData/Roaming/TinyTeX/texmf-dist/tex/generic/iftex/iftex.sty
Package: iftex 2022/02/03 v1.0f TeX engine tests
) (c:/Users/sasho/AppData/Roaming/TinyTeX/texmf-dist/tex/latex/base/fontenc.sty
Package: fontenc 2021/04/29 v2.0v Standard LaTeX package
LaTeX Font Info:    Trying to load font information for T1+lmr on input line 112.
(c:/Users/sasho/AppData/Roaming/TinyTeX/texmf-dist/tex/latex/lm/t1lmr.fd
File: t1lmr.fd 2015/05/01 v1.6.1 Font defs for Latin Modern
)) (c:/Users/sasho/AppData/Roaming/TinyTeX/texmf-dist/tex/latex/base/inputenc.sty
Package: inputenc 2021/02/14 v1.3d Input encoding file
\inpenc@prehook=\toks21
\inpenc@posthook=\toks22
) (c:/Users/sasho/AppData/Roaming/TinyTeX/texmf-dist/tex/latex/base/textcomp.sty
Package: textcomp 2020/02/02 v2.0n Standard LaTeX package
) (c:/Users/sasho/AppData/Roaming/TinyTeX/texmf-dist/tex/latex/xcolor/xcolor.sty
Package: xcolor 2022/06/12 v2.14 LaTeX color extensions (UK)
(c:/Users/sasho/AppData/Roaming/TinyTeX/texmf-dist/tex/latex/graphics-cfg/color.cfg
File: color.cfg 2016/01/02 v1.6 sample color configuration
)
Package xcolor Info: Driver file: pdftex.def on input line 227.
(c:/Users/sasho/AppData/Roaming/TinyTeX/texmf-dist/tex/latex/graphics-def/pdftex.def
File: pdftex.def 2022/09/22 v1.2b Graphics/color driver for pdftex
\stockwidth=\dimen148
\stockheight=\dimen149
) (c:/Users/sasho/AppData/Roaming/TinyTeX/texmf-dist/tex/latex/graphics/mathcolor.ltx)
Package xcolor Info: Model `cmy' substituted by `cmy0' on input line 1353.
Package xcolor Info: Model `hsb' substituted by `rgb' on input line 1357.
Package xcolor Info: Model `RGB' extended on input line 1369.
Package xcolor Info: Model `HTML' substituted by `rgb' on input line 1371.
Package xcolor Info: Model `Hsb' substituted by `hsb' on input line 1372.
Package xcolor Info: Model `tHsb' substituted by `hsb' on input line 1373.
Package xcolor Info: Model `HSB' substituted by `hsb' on input line 1374.
Package xcolor Info: Model `Gray' substituted by `gray' on input line 1375.
Package xcolor Info: Model `wave' substituted by `hsb' on input line 1376.
) (c:/Users/sasho/AppData/Roaming/TinyTeX/texmf-dist/tex/latex/geometry/geometry.sty
Package: geometry 2020/01/02 v5.9 Page Geometry
(c:/Users/sasho/AppData/Roaming/TinyTeX/texmf-dist/tex/latex/graphics/keyval.sty
Package: keyval 2022/05/29 v1.15 key=value parser (DPC)
\KV@toks@=\toks23
) (c:/Users/sasho/AppData/Roaming/TinyTeX/texmf-dist/tex/generic/iftex/ifvtex.sty
Package: ifvtex 2019/10/25 v1.7 ifvtex legacy package. Use iftex instead.
)
\Gm@cnth=\count271
\Gm@cntv=\count272
\c@Gm@tempcnt=\count273
\Gm@bindingoffset=\dimen150
\Gm@wd@mp=\dimen151
\Gm@odd@mp=\dimen152
\Gm@even@mp=\dimen153
\Gm@layoutwidth=\dimen154
\Gm@layoutheight=\dimen155
\Gm@layouthoffset=\dimen156
\Gm@layoutvoffset=\dimen157
\Gm@dimlist=\toks24
) (c:/Users/sasho/AppData/Roaming/TinyTeX/texmf-dist/tex/latex/fancyvrb/fancyvrb.sty
Package: fancyvrb 2022/06/06 4.5 verbatim text (tvz,hv)
\FV@CodeLineNo=\count274
\FV@InFile=\read2
\FV@TabBox=\box53
\c@FancyVerbLine=\count275
\FV@StepNumber=\count276
\FV@OutFile=\write3
) (c:/Users/sasho/AppData/Roaming/TinyTeX/texmf-dist/tex/latex/framed/framed.sty
Package: framed 2011/10/22 v 0.96: framed or shaded text with page breaks
\OuterFrameSep=\skip52
\fb@frw=\dimen158
\fb@frh=\dimen159
\FrameRule=\dimen160
\FrameSep=\dimen161
) (c:/Users/sasho/AppData/Roaming/TinyTeX/texmf-dist/tex/latex/tools/longtable.sty
Package: longtable 2021-09-01 v4.17 Multi-page Table package (DPC)
\LTleft=\skip53
\LTright=\skip54
\LTpre=\skip55
\LTpost=\skip56
\LTchunksize=\count277
\LTcapwidth=\dimen162
\LT@head=\box54
\LT@firsthead=\box55
\LT@foot=\box56
\LT@lastfoot=\box57
\LT@gbox=\box58
\LT@cols=\count278
\LT@rows=\count279
\c@LT@tables=\count280
\c@LT@chunks=\count281
\LT@p@ftn=\toks25
) (c:/Users/sasho/AppData/Roaming/TinyTeX/texmf-dist/tex/latex/booktabs/booktabs.sty
Package: booktabs 2020/01/12 v1.61803398 Publication quality tables
\heavyrulewidth=\dimen163
\lightrulewidth=\dimen164
\cmidrulewidth=\dimen165
\belowrulesep=\dimen166
\belowbottomsep=\dimen167
\aboverulesep=\dimen168
\abovetopsep=\dimen169
\cmidrulesep=\dimen170
\cmidrulekern=\dimen171
\defaultaddspace=\dimen172
\@cmidla=\count282
\@cmidlb=\count283
\@aboverulesep=\dimen173
\@belowrulesep=\dimen174
\@thisruleclass=\count284
\@lastruleclass=\count285
\@thisrulewidth=\dimen175
) (c:/Users/sasho/AppData/Roaming/TinyTeX/texmf-dist/tex/latex/tools/array.sty
Package: array 2022/03/10 v2.5f Tabular extension package (FMi)
\col@sep=\dimen176
\ar@mcellbox=\box59
\extrarowheight=\dimen177
\NC@list=\toks26
\extratabsurround=\skip57
\backup@length=\skip58
\ar@cellbox=\box60
) (c:/Users/sasho/AppData/Roaming/TinyTeX/texmf-dist/tex/latex/tools/calc.sty
Package: calc 2017/05/25 v4.3 Infix arithmetic (KKT,FJ)
\calc@Acount=\count286
\calc@Bcount=\count287
\calc@Adimen=\dimen178
\calc@Bdimen=\dimen179
\calc@Askip=\skip59
\calc@Bskip=\skip60
LaTeX Info: Redefining \setlength on input line 80.
LaTeX Info: Redefining \addtolength on input line 81.
\calc@Ccount=\count288
\calc@Cskip=\skip61
) (c:/Users/sasho/AppData/Roaming/TinyTeX/texmf-dist/tex/latex/etoolbox/etoolbox.sty
Package: etoolbox 2020/10/05 v2.5k e-TeX tools for LaTeX (JAW)
\etb@tempcnta=\count289
) (c:/Users/sasho/AppData/Roaming/TinyTeX/texmf-dist/tex/latex/mdwtools/footnote.sty
Package: footnote 1997/01/28 1.13 Save footnotes around boxes
\fn@notes=\box61
\fn@width=\dimen180
) (c:/Users/sasho/AppData/Roaming/TinyTeX/texmf-dist/tex/latex/graphics/graphicx.sty
Package: graphicx 2021/09/16 v1.2d Enhanced LaTeX Graphics (DPC,SPQR)
(c:/Users/sasho/AppData/Roaming/TinyTeX/texmf-dist/tex/latex/graphics/graphics.sty
Package: graphics 2022/03/10 v1.4e Standard LaTeX Graphics (DPC,SPQR)
(c:/Users/sasho/AppData/Roaming/TinyTeX/texmf-dist/tex/latex/graphics/trig.sty
Package: trig 2021/08/11 v1.11 sin cos tan (DPC)
) (c:/Users/sasho/AppData/Roaming/TinyTeX/texmf-dist/tex/latex/graphics-cfg/graphics.cfg
File: graphics.cfg 2016/06/04 v1.11 sample graphics configuration
)
Package graphics Info: Driver file: pdftex.def on input line 107.
)
\Gin@req@height=\dimen181
\Gin@req@width=\dimen182
) (c:/Users/sasho/AppData/Roaming/TinyTeX/texmf-dist/tex/latex/hyperref/hyperref.sty
Package: hyperref 2022-09-22 v7.00t Hypertext links for LaTeX
(c:/Users/sasho/AppData/Roaming/TinyTeX/texmf-dist/tex/generic/ltxcmds/ltxcmds.sty
Package: ltxcmds 2020-05-10 v1.25 LaTeX kernel commands for general use (HO)
) (c:/Users/sasho/AppData/Roaming/TinyTeX/texmf-dist/tex/generic/pdftexcmds/pdftexcmds.sty
Package: pdftexcmds 2020-06-27 v0.33 Utility functions of pdfTeX for LuaTeX (HO)
(c:/Users/sasho/AppData/Roaming/TinyTeX/texmf-dist/tex/generic/infwarerr/infwarerr.sty
Package: infwarerr 2019/12/03 v1.5 Providing info/warning/error messages (HO)
)
Package pdftexcmds Info: \pdf@primitive is available.
Package pdftexcmds Info: \pdf@ifprimitive is available.
Package pdftexcmds Info: \pdfdraftmode found.
) (c:/Users/sasho/AppData/Roaming/TinyTeX/texmf-dist/tex/latex/kvsetkeys/kvsetkeys.sty
Package: kvsetkeys 2022-10-05 v1.19 Key value parser (HO)
) (c:/Users/sasho/AppData/Roaming/TinyTeX/texmf-dist/tex/generic/kvdefinekeys/kvdefinekeys.sty
Package: kvdefinekeys 2019-12-19 v1.6 Define keys (HO)
) (c:/Users/sasho/AppData/Roaming/TinyTeX/texmf-dist/tex/generic/pdfescape/pdfescape.sty
Package: pdfescape 2019/12/09 v1.15 Implements pdfTeX's escape features (HO)
) (c:/Users/sasho/AppData/Roaming/TinyTeX/texmf-dist/tex/latex/hycolor/hycolor.sty
Package: hycolor 2020-01-27 v1.10 Color options for hyperref/bookmark (HO)
) (c:/Users/sasho/AppData/Roaming/TinyTeX/texmf-dist/tex/latex/letltxmacro/letltxmacro.sty
Package: letltxmacro 2019/12/03 v1.6 Let assignment for LaTeX macros (HO)
) (c:/Users/sasho/AppData/Roaming/TinyTeX/texmf-dist/tex/latex/auxhook/auxhook.sty
Package: auxhook 2019-12-17 v1.6 Hooks for auxiliary files (HO)
) (c:/Users/sasho/AppData/Roaming/TinyTeX/texmf-dist/tex/latex/hyperref/nameref.sty
Package: nameref 2022-05-17 v2.50 Cross-referencing by name of section
(c:/Users/sasho/AppData/Roaming/TinyTeX/texmf-dist/tex/latex/refcount/refcount.sty
Package: refcount 2019/12/15 v3.6 Data extraction from label references (HO)
) (c:/Users/sasho/AppData/Roaming/TinyTeX/texmf-dist/tex/generic/gettitlestring/gettitlestring.sty
Package: gettitlestring 2019/12/15 v1.6 Cleanup title references (HO)
(c:/Users/sasho/AppData/Roaming/TinyTeX/texmf-dist/tex/latex/kvoptions/kvoptions.sty
Package: kvoptions 2022-06-15 v3.15 Key value format for package options (HO)
))
\c@section@level=\count290
)
\@linkdim=\dimen183
\Hy@linkcounter=\count291
\Hy@pagecounter=\count292
(c:/Users/sasho/AppData/Roaming/TinyTeX/texmf-dist/tex/latex/hyperref/pd1enc.def
File: pd1enc.def 2022-09-22 v7.00t Hyperref: PDFDocEncoding definition (HO)
Now handling font encoding PD1 ...
... no UTF-8 mapping file for font encoding PD1
) (c:/Users/sasho/AppData/Roaming/TinyTeX/texmf-dist/tex/generic/intcalc/intcalc.sty
Package: intcalc 2019/12/15 v1.3 Expandable calculations with integers (HO)
) (c:/Users/sasho/AppData/Roaming/TinyTeX/texmf-dist/tex/generic/etexcmds/etexcmds.sty
Package: etexcmds 2019/12/15 v1.7 Avoid name clashes with e-TeX commands (HO)
)
\Hy@SavedSpaceFactor=\count293
(c:/Users/sasho/AppData/Roaming/TinyTeX/texmf-dist/tex/latex/hyperref/puenc.def
File: puenc.def 2022-09-22 v7.00t Hyperref: PDF Unicode definition (HO)
Now handling font encoding PU ...
... no UTF-8 mapping file for font encoding PU
)
Package hyperref Info: Option `unicode' set `true' on input line 4045.
Package hyperref Info: Hyper figures OFF on input line 4162.
Package hyperref Info: Link nesting OFF on input line 4167.
Package hyperref Info: Hyper index ON on input line 4170.
Package hyperref Info: Plain pages OFF on input line 4177.
Package hyperref Info: Backreferencing OFF on input line 4182.
Package hyperref Info: Implicit mode ON; LaTeX internals redefined.
Package hyperref Info: Bookmarks ON on input line 4410.
\c@Hy@tempcnt=\count294
(c:/Users/sasho/AppData/Roaming/TinyTeX/texmf-dist/tex/latex/url/url.sty
\Urlmuskip=\muskip17
Package: url 2013/09/16  ver 3.4  Verb mode for urls, etc.
)
LaTeX Info: Redefining \url on input line 4748.
\XeTeXLinkMargin=\dimen184
(c:/Users/sasho/AppData/Roaming/TinyTeX/texmf-dist/tex/generic/bitset/bitset.sty
Package: bitset 2019/12/09 v1.3 Handle bit-vector datatype (HO)
(c:/Users/sasho/AppData/Roaming/TinyTeX/texmf-dist/tex/generic/bigintcalc/bigintcalc.sty
Package: bigintcalc 2019/12/15 v1.5 Expandable calculations on big integers (HO)
))
\Fld@menulength=\count295
\Field@Width=\dimen185
\Fld@charsize=\dimen186
Package hyperref Info: Hyper figures OFF on input line 6027.
Package hyperref Info: Link nesting OFF on input line 6032.
Package hyperref Info: Hyper index ON on input line 6035.
Package hyperref Info: backreferencing OFF on input line 6042.
Package hyperref Info: Link coloring OFF on input line 6047.
Package hyperref Info: Link coloring with OCG OFF on input line 6052.
Package hyperref Info: PDF/A mode OFF on input line 6057.
(c:/Users/sasho/AppData/Roaming/TinyTeX/texmf-dist/tex/latex/base/atbegshi-ltx.sty
Package: atbegshi-ltx 2021/01/10 v1.0c Emulation of the original atbegshi
package with kernel methods
)
\Hy@abspage=\count296
\c@Item=\count297
\c@Hfootnote=\count298
)
Package hyperref Info: Driver (autodetected): hpdftex.
(c:/Users/sasho/AppData/Roaming/TinyTeX/texmf-dist/tex/latex/hyperref/hpdftex.def
File: hpdftex.def 2022-09-22 v7.00t Hyperref driver for pdfTeX
(c:/Users/sasho/AppData/Roaming/TinyTeX/texmf-dist/tex/latex/base/atveryend-ltx.sty
Package: atveryend-ltx 2020/08/19 v1.0a Emulation of the original atveryend package
with kernel methods
)
\Fld@listcount=\count299
\c@bookmark@seq@number=\count300
(c:/Users/sasho/AppData/Roaming/TinyTeX/texmf-dist/tex/latex/rerunfilecheck/rerunfilecheck.sty
Package: rerunfilecheck 2022-07-10 v1.10 Rerun checks for auxiliary files (HO)
(c:/Users/sasho/AppData/Roaming/TinyTeX/texmf-dist/tex/generic/uniquecounter/uniquecounter.sty
Package: uniquecounter 2019/12/15 v1.4 Provide unlimited unique counter (HO)
)
Package uniquecounter Info: New unique counter `rerunfilecheck' on input line 285.
)
\Hy@SectionHShift=\skip62
) (c:/Users/sasho/AppData/Roaming/TinyTeX/texmf-dist/tex/latex/l3backend/l3backend-pdftex.def
File: l3backend-pdftex.def 2022-09-28 L3 backend support: PDF output (pdfTeX)
\l__color_backend_stack_int=\count301
\l__pdf_internal_box=\box62
)
No file EDA_Final_Group_Project.aux.
\openout1 = `EDA_Final_Group_Project.aux'.

LaTeX Font Info:    Checking defaults for OML/cmm/m/it on input line 130.
LaTeX Font Info:    ... okay on input line 130.
LaTeX Font Info:    Checking defaults for OMS/cmsy/m/n on input line 130.
LaTeX Font Info:    ... okay on input line 130.
LaTeX Font Info:    Checking defaults for OT1/cmr/m/n on input line 130.
LaTeX Font Info:    ... okay on input line 130.
LaTeX Font Info:    Checking defaults for T1/cmr/m/n on input line 130.
LaTeX Font Info:    ... okay on input line 130.
LaTeX Font Info:    Checking defaults for TS1/cmr/m/n on input line 130.
LaTeX Font Info:    ... okay on input line 130.
LaTeX Font Info:    Checking defaults for OMX/cmex/m/n on input line 130.
LaTeX Font Info:    ... okay on input line 130.
LaTeX Font Info:    Checking defaults for U/cmr/m/n on input line 130.
LaTeX Font Info:    ... okay on input line 130.
LaTeX Font Info:    Checking defaults for PD1/pdf/m/n on input line 130.
LaTeX Font Info:    ... okay on input line 130.
LaTeX Font Info:    Checking defaults for PU/pdf/m/n on input line 130.
LaTeX Font Info:    ... okay on input line 130.
(c:/Users/sasho/AppData/Roaming/TinyTeX/texmf-dist/tex/latex/epstopdf-pkg/epstopdf-base.sty
Package: epstopdf-base 2020-01-24 v2.11 Base part for package epstopdf
Package epstopdf-base Info: Redefining graphics rule for `.eps' on input line 485.
(c:/Users/sasho/AppData/Roaming/TinyTeX/texmf-dist/tex/latex/latexconfig/epstopdf-sys.cfg
File: epstopdf-sys.cfg 2010/07/13 v1.3 Configuration of (r)epstopdf for TeX Live
))
*geometry* driver: auto-detecting
*geometry* detected driver: pdftex
*geometry* verbose mode - [ preamble ] result:
* driver: pdftex
* paper: <default>
* layout: <same size as paper>
* layoutoffset:(h,v)=(0.0pt,0.0pt)
* modes: 
* h-part:(L,W,R)=(72.2698pt, 469.75539pt, 72.2698pt)
* v-part:(T,H,B)=(72.2698pt, 650.43037pt, 72.2698pt)
* \paperwidth=614.295pt
* \paperheight=794.96999pt
* \textwidth=469.75539pt
* \textheight=650.43037pt
* \oddsidemargin=-0.00018pt
* \evensidemargin=-0.00018pt
* \topmargin=-37.00018pt
* \headheight=12.0pt
* \headsep=25.0pt
* \topskip=12.0pt
* \footskip=30.0pt
* \marginparwidth=44.0pt
* \marginparsep=10.0pt
* \columnsep=10.0pt
* \skip\footins=10.8pt plus 4.0pt minus 2.0pt
* \hoffset=0.0pt
* \voffset=0.0pt
* \mag=1000
* \@twocolumnfalse
* \@twosidefalse
* \@mparswitchfalse
* \@reversemarginfalse
* (1in=72.27pt=25.4mm, 1cm=28.453pt)

Package hyperref Info: Link coloring OFF on input line 130.
\@outlinefile=\write4
\openout4 = `EDA_Final_Group_Project.out'.

LaTeX Font Info:    Trying to load font information for OT1+lmr on input line 132.
(c:/Users/sasho/AppData/Roaming/TinyTeX/texmf-dist/tex/latex/lm/ot1lmr.fd
File: ot1lmr.fd 2015/05/01 v1.6.1 Font defs for Latin Modern
)
LaTeX Font Info:    Trying to load font information for OML+lmm on input line 132.
(c:/Users/sasho/AppData/Roaming/TinyTeX/texmf-dist/tex/latex/lm/omllmm.fd
File: omllmm.fd 2015/05/01 v1.6.1 Font defs for Latin Modern
)
LaTeX Font Info:    Trying to load font information for OMS+lmsy on input line 132.
(c:/Users/sasho/AppData/Roaming/TinyTeX/texmf-dist/tex/latex/lm/omslmsy.fd
File: omslmsy.fd 2015/05/01 v1.6.1 Font defs for Latin Modern
)
LaTeX Font Info:    Trying to load font information for OMX+lmex on input line 132.
(c:/Users/sasho/AppData/Roaming/TinyTeX/texmf-dist/tex/latex/lm/omxlmex.fd
File: omxlmex.fd 2015/05/01 v1.6.1 Font defs for Latin Modern
)
LaTeX Font Info:    External font `lmex10' loaded for size
(Font)              <14.4> on input line 132.
LaTeX Font Info:    External font `lmex10' loaded for size
(Font)              <10> on input line 132.
LaTeX Font Info:    External font `lmex10' loaded for size
(Font)              <7> on input line 132.
LaTeX Font Info:    Trying to load font information for U+msa on input line 132.
(c:/Users/sasho/AppData/Roaming/TinyTeX/texmf-dist/tex/latex/amsfonts/umsa.fd
File: umsa.fd 2013/01/14 v3.01 AMS symbols A
)
LaTeX Font Info:    Trying to load font information for U+msb on input line 132.
(c:/Users/sasho/AppData/Roaming/TinyTeX/texmf-dist/tex/latex/amsfonts/umsb.fd
File: umsb.fd 2013/01/14 v3.01 AMS symbols B
)
No file EDA_Final_Group_Project.toc.
\tf@toc=\write5
\openout5 = `EDA_Final_Group_Project.toc'.

[1

{c:/Users/sasho/AppData/Roaming/TinyTeX/texmf-var/fonts/map/pdftex/updmap/pdftex.map}] (./EDA_Final_Group_Project.toc)
\tf@toc=\write6
\openout6 = `EDA_Final_Group_Project.toc'.

[2]
No file EDA_Final_Group_Project.lot.
\tf@lot=\write7
\openout7 = `EDA_Final_Group_Project.lot'.

[3]
No file EDA_Final_Group_Project.lof.
\tf@lof=\write8
\openout8 = `EDA_Final_Group_Project.lof'.

[4] [5] [6]
LaTeX Font Info:    Trying to load font information for T1+lmtt on input line 233.
(c:/Users/sasho/AppData/Roaming/TinyTeX/texmf-dist/tex/latex/lm/t1lmtt.fd
File: t1lmtt.fd 2015/05/01 v1.6.1 Font defs for Latin Modern
)
LaTeX Font Info:    Font shape `T1/lmtt/bx/n' in size <12> not available
(Font)              Font shape `T1/lmtt/b/n' tried instead on input line 234.

LaTeX Font Warning: Font shape `T1/lmtt/bx/it' in size <12> not available
(Font)              Font shape `T1/lmtt/b/sl' tried instead on input line 234.


Overfull \hbox (221.84496pt too wide) in paragraph at lines 242--242
[]\T1/lmtt/m/n/12 ## [1] "C:/Users/sasho/Desktop/Environ Data Analytics/Env872 Workspace/MiltonZouKhalsa__ENV872_EDA_FinalProject"[] 
 []

[7] [8]
Overfull \hbox (18.06985pt too wide) in paragraph at lines 429--429
[]\T1/lmtt/m/n/12 ##    sum_total_number_of_tests sum_cumulative_no_of_tests median_test_positive[] 
 []


Overfull \hbox (18.04184pt too wide) in paragraph at lines 429--429
[]\T1/lmtt/m/n/12 ## 1                    1402792                  718954664                2.43%[] 
 []


Overfull \hbox (18.06285pt too wide) in paragraph at lines 429--429
[]\T1/lmtt/m/n/12 ## 2                     248725                  135187844                1.67%[] 
 []


Overfull \hbox (18.04884pt too wide) in paragraph at lines 429--429
[]\T1/lmtt/m/n/12 ## 3                    8847438                 4167554932                2.62%[] 
 []


Overfull \hbox (18.04884pt too wide) in paragraph at lines 429--429
[]\T1/lmtt/m/n/12 ## 4                    1183008                  600726726                2.85%[] 
 []


Overfull \hbox (18.05585pt too wide) in paragraph at lines 429--429
[]\T1/lmtt/m/n/12 ## 5                    5255122                 2645289344                2.42%[] 
 []


Overfull \hbox (18.05585pt too wide) in paragraph at lines 429--429
[]\T1/lmtt/m/n/12 ## 6                     307715                  159238111                2.01%[] 
 []


Overfull \hbox (18.03484pt too wide) in paragraph at lines 429--429
[]\T1/lmtt/m/n/12 ## 7                     395524                  199795061                2.05%[] 
 []


Overfull \hbox (18.06985pt too wide) in paragraph at lines 429--429
[]\T1/lmtt/m/n/12 ## 8                    4404505                 2280257150                2.70%[] 
 []


Overfull \hbox (18.04184pt too wide) in paragraph at lines 429--429
[]\T1/lmtt/m/n/12 ## 9                     529410                  284656873               17.24%[] 
 []


Overfull \hbox (18.05585pt too wide) in paragraph at lines 429--429
[]\T1/lmtt/m/n/12 ## 10                    482115                  240229506                2.80%[] 
 []


Overfull \hbox (18.05585pt too wide) in paragraph at lines 429--429
[]\T1/lmtt/m/n/12 ## 11                    237180                  120749908                2.41%[] 
 []

[9]
Overfull \hbox (18.04184pt too wide) in paragraph at lines 429--429
[]\T1/lmtt/m/n/12 ## 12                    405091                  204944024               16.67%[] 
 []


Overfull \hbox (18.03484pt too wide) in paragraph at lines 429--429
[]\T1/lmtt/m/n/12 ## 13                    253036                  134198616                1.94%[] 
 []


Overfull \hbox (18.04184pt too wide) in paragraph at lines 429--429
[]\T1/lmtt/m/n/12 ## 14                    306593                  162613835                2.11%[] 
 []


Overfull \hbox (18.05585pt too wide) in paragraph at lines 429--429
[]\T1/lmtt/m/n/12 ## 15                    200498                  101931557                2.24%[] 
 []


Overfull \hbox (18.03484pt too wide) in paragraph at lines 429--429
[]\T1/lmtt/m/n/12 ## 16                   1482191                  765609824                2.30%[] 
 []


Overfull \hbox (18.03484pt too wide) in paragraph at lines 429--429
[]\T1/lmtt/m/n/12 ## 17                   4230697                 2209228099                2.52%[] 
 []


Overfull \hbox (18.06285pt too wide) in paragraph at lines 429--429
[]\T1/lmtt/m/n/12 ## 18                    165134                   82082708                1.87%[] 
 []


Overfull \hbox (18.03484pt too wide) in paragraph at lines 429--429
[]\T1/lmtt/m/n/12 ## 19                   5627645                 2925577026                3.11%[] 
 []


Overfull \hbox (18.06285pt too wide) in paragraph at lines 429--429
[]\T1/lmtt/m/n/12 ## 20                    217883                  104817335               19.51%[] 
 []


Overfull \hbox (18.04184pt too wide) in paragraph at lines 429--429
[]\T1/lmtt/m/n/12 ## 21                    230615                  114053436                1.69%[] 
 []


Overfull \hbox (18.05585pt too wide) in paragraph at lines 429--429
[]\T1/lmtt/m/n/12 ## 22                    274587                  141618902               20.54%[] 
 []


Overfull \hbox (18.04184pt too wide) in paragraph at lines 429--429
[]\T1/lmtt/m/n/12 ## 23                    181361                   91910867                2.54%[] 
 []


Overfull \hbox (18.04884pt too wide) in paragraph at lines 429--429
[]\T1/lmtt/m/n/12 ## 24                     20261                   10356622                0.00%[] 
 []


Overfull \hbox (18.04884pt too wide) in paragraph at lines 429--429
[]\T1/lmtt/m/n/12 ## 25                    325883                  165269120                1.80%[] 
 []


Overfull \hbox (18.02783pt too wide) in paragraph at lines 429--429
[]\T1/lmtt/m/n/12 ## 26                    407594                  191971766                2.41%[] 
 []


Overfull \hbox (18.05585pt too wide) in paragraph at lines 429--429
[]\T1/lmtt/m/n/12 ## 27                  18713833                 8370878686                2.45%[] 
 []


Overfull \hbox (18.05585pt too wide) in paragraph at lines 429--429
[]\T1/lmtt/m/n/12 ## 28                    104111                   52934295               17.14%[] 
 []


Overfull \hbox (18.04184pt too wide) in paragraph at lines 429--429
[]\T1/lmtt/m/n/12 ## 29                    285393                  152289219               21.57%[] 
 []


Overfull \hbox (18.02783pt too wide) in paragraph at lines 429--429
[]\T1/lmtt/m/n/12 ## 30                  16896935                 8450017694                3.21%[] 
 []


Overfull \hbox (18.04884pt too wide) in paragraph at lines 429--429
[]\T1/lmtt/m/n/12 ## 31                    372206                  191580055                1.89%[] 
 []


Overfull \hbox (18.05585pt too wide) in paragraph at lines 429--429
[]\T1/lmtt/m/n/12 ## 32                  13407104                 6513198457                3.08%[] 
 []


Overfull \hbox (18.04884pt too wide) in paragraph at lines 429--429
[]\T1/lmtt/m/n/12 ## 33                   2740911                 1402887769                2.05%[] 
 []


Overfull \hbox (18.04884pt too wide) in paragraph at lines 429--429
[]\T1/lmtt/m/n/12 ## 34                   3656142                 1917145805                3.25%[] 
 []


Overfull \hbox (18.04884pt too wide) in paragraph at lines 429--429
[]\T1/lmtt/m/n/12 ## 35                    223329                  114646701               17.02%[] 
 []


Overfull \hbox (18.03484pt too wide) in paragraph at lines 429--429
[]\T1/lmtt/m/n/12 ## 36                   8400598                 4188172601                2.99%[] 
 []


Overfull \hbox (18.02083pt too wide) in paragraph at lines 429--429
[]\T1/lmtt/m/n/12 ## 37                  14450368                 6672796856                2.09%[] 
 []


Overfull \hbox (18.04184pt too wide) in paragraph at lines 429--429
[]\T1/lmtt/m/n/12 ## 38                  60433651                27893288263                2.51%[] 
 []


Overfull \hbox (18.02783pt too wide) in paragraph at lines 429--429
[]\T1/lmtt/m/n/12 ## 39                    904150                  468974555               20.69%[] 
 []


Overfull \hbox (18.02783pt too wide) in paragraph at lines 429--429
[]\T1/lmtt/m/n/12 ## 40                   1940611                  970267992                2.58%[] 
 []


Overfull \hbox (18.04884pt too wide) in paragraph at lines 429--429
[]\T1/lmtt/m/n/12 ## 41                   1527340                  790655393                2.04%[] 
 []


Overfull \hbox (18.06285pt too wide) in paragraph at lines 429--429
[]\T1/lmtt/m/n/12 ## 42                   2797843                 1457537033                2.87%[] 
 []


Overfull \hbox (18.05585pt too wide) in paragraph at lines 429--429
[]\T1/lmtt/m/n/12 ## 43                    480819                  244314298                2.55%[] 
 []


Overfull \hbox (18.04184pt too wide) in paragraph at lines 429--429
[]\T1/lmtt/m/n/12 ## 44                   1968284                  904265527                3.72%[] 
 []


Overfull \hbox (18.03484pt too wide) in paragraph at lines 429--429
[]\T1/lmtt/m/n/12 ## 45                    158360                   79497423               19.67%[] 
 []


Overfull \hbox (18.03484pt too wide) in paragraph at lines 429--429
[]\T1/lmtt/m/n/12 ## 46                    532339                  268731166                1.81%[] 
 []


Overfull \hbox (18.03484pt too wide) in paragraph at lines 429--429
[]\T1/lmtt/m/n/12 ## 47                    312369                  158059656                2.10%[] 
 []


Overfull \hbox (18.04184pt too wide) in paragraph at lines 429--429
[]\T1/lmtt/m/n/12 ## 48                    490627                  243060578                2.59%[] 
 []


Overfull \hbox (18.01382pt too wide) in paragraph at lines 429--429
[]\T1/lmtt/m/n/12 ## 49                  14735060                 6902671989                2.49%[] 
 []


Overfull \hbox (18.04884pt too wide) in paragraph at lines 429--429
[]\T1/lmtt/m/n/12 ## 50                    875724                  447596670               21.30%[] 
 []


Overfull \hbox (18.04184pt too wide) in paragraph at lines 429--429
[]\T1/lmtt/m/n/12 ## 51                   3686952                 1779385800                3.25%[] 
 []


Overfull \hbox (18.04184pt too wide) in paragraph at lines 429--429
[]\T1/lmtt/m/n/12 ## 52                   2358136                 1029309794                3.01%[] 
 []


Overfull \hbox (18.05585pt too wide) in paragraph at lines 429--429
[]\T1/lmtt/m/n/12 ## 53                   1076644                  532008522                2.44%[] 
 []


Overfull \hbox (18.05585pt too wide) in paragraph at lines 429--429
[]\T1/lmtt/m/n/12 ## 54                    837442                  420680184               23.60%[] 
 []


Overfull \hbox (18.04884pt too wide) in paragraph at lines 429--429
[]\T1/lmtt/m/n/12 ## 55                    121375                   60203463               18.29%[] 
 []


Overfull \hbox (18.02783pt too wide) in paragraph at lines 429--429
[]\T1/lmtt/m/n/12 ## 56                     99602                   47465529                1.82%[] 
 []

[10]
Overfull \hbox (18.03484pt too wide) in paragraph at lines 429--429
[]\T1/lmtt/m/n/12 ## 57                    139448                   69545097               19.57%[] 
 []


Overfull \hbox (18.06285pt too wide) in paragraph at lines 429--429
[]\T1/lmtt/m/n/12 ## 58                   5973213                 3285431777                2.02%[] 
 []


Overfull \hbox (18.02783pt too wide) in paragraph at lines 429--429
[]\T1/lmtt/m/n/12 ## 59                 122900394                59623500954                3.05%[] 
 []


Overfull \hbox (18.04884pt too wide) in paragraph at lines 429--429
[]\T1/lmtt/m/n/12 ## 60                    476678                  233587858                2.50%[] 
 []


Overfull \hbox (18.04884pt too wide) in paragraph at lines 429--429
[]\T1/lmtt/m/n/12 ## 61                    620537                  323161242                2.05%[] 
 []


Overfull \hbox (18.03484pt too wide) in paragraph at lines 429--429
[]\T1/lmtt/m/n/12 ## 62                   8496337                 4261845093                3.43%[] 
 []


Overfull \hbox (18.04184pt too wide) in paragraph at lines 429--429
[]\T1/lmtt/m/n/12 ## 63                    377092                  162432097                3.13%[] 
 []


Overfull \hbox (18.04884pt too wide) in paragraph at lines 429--429
[]\T1/lmtt/m/n/12 ## 64                    234100                  115425950                2.59%[] 
 []


Overfull \hbox (18.05585pt too wide) in paragraph at lines 429--429
[]\T1/lmtt/m/n/12 ## 65                   3060032                 1825314743               10.08%[] 
 []


Overfull \hbox (18.01382pt too wide) in paragraph at lines 429--429
[]\T1/lmtt/m/n/12 ## 66                    867586                  439724686                2.64%[] 
 []


Overfull \hbox (18.03484pt too wide) in paragraph at lines 429--429
[]\T1/lmtt/m/n/12 ## 67                    339906                  161155740                2.31%[] 
 []


Overfull \hbox (18.06285pt too wide) in paragraph at lines 429--429
[]\T1/lmtt/m/n/12 ## 68                    288217                  138784081                2.00%[] 
 []


Overfull \hbox (18.03484pt too wide) in paragraph at lines 429--429
[]\T1/lmtt/m/n/12 ## 69                    383003                  193346376                2.53%[] 
 []


Overfull \hbox (18.02783pt too wide) in paragraph at lines 429--429
[]\T1/lmtt/m/n/12 ## 70                   5863188                 2968795951                2.92%[] 
 []


Overfull \hbox (18.04884pt too wide) in paragraph at lines 429--429
[]\T1/lmtt/m/n/12 ## 71                   6220697                 3257285482                2.22%[] 
 []


Overfull \hbox (18.05585pt too wide) in paragraph at lines 429--429
[]\T1/lmtt/m/n/12 ## 72                    158197                   82232070               18.97%[] 
 []


Overfull \hbox (18.02783pt too wide) in paragraph at lines 429--429
[]\T1/lmtt/m/n/12 ## 73                     91696                   45587836               14.29%[] 
 []

[11] [12]
LaTeX Font Info:    Trying to load font information for TS1+lmtt on input line 517.
(c:/Users/sasho/AppData/Roaming/TinyTeX/texmf-dist/tex/latex/lm/ts1lmtt.fd
File: ts1lmtt.fd 2015/05/01 v1.6.1 Font defs for Latin Modern
)
Overfull \hbox (36.59486pt too wide) in paragraph at lines 547--547
[]\T1/lmtt/m/n/12 ##     County             pop2022        area_milessquared density_permilessquared[] 
 []


Overfull \hbox (5.71985pt too wide) in paragraph at lines 547--547
[]\T1/lmtt/m/n/12 ##  sum_new_positives sum_cumulative_no_of_positive sum_total_number_of_tests[] 
 []

[13]
LaTeX Font Info:    External font `lmex10' loaded for size
(Font)              <12> on input line 570.
LaTeX Font Info:    External font `lmex10' loaded for size
(Font)              <8> on input line 570.
LaTeX Font Info:    External font `lmex10' loaded for size
(Font)              <6> on input line 570.

Underfull \hbox (badness 10000) in paragraph at lines 569--574
[]\T1/lmr/m/n/12 Data In-for-ma-tion: []$https : / / www . census . gov / library / stories / state -[] by -[] state / new -[] york -[]
 []


Overfull \hbox (4.71776pt too wide) in paragraph at lines 591--592
[]\T1/lmr/m/n/12 Variable  
 []


Overfull \hbox (24.71342pt too wide) in paragraph at lines 595--596
[]\T1/lmr/m/n/12 Coding  
 []


Overfull \hbox (10.77971pt too wide) in paragraph at lines 597--598
[]\T1/lmr/m/n/12 Units  
 []


Overfull \hbox (64.56607pt too wide) in paragraph at lines 599--600
[]\T1/lmr/m/n/12 Minimum.Value  
 []


Overfull \hbox (66.85059pt too wide) in paragraph at lines 601--602
[]\T1/lmr/m/n/12 Maximum.Value  
 []


Overfull \hbox (29.22006pt too wide) in paragraph at lines 603--604
 []\T1/lmr/m/n/12 Missing
 []


Overfull \hbox (4.71776pt too wide) in paragraph at lines 609--610
[]\T1/lmr/m/n/12 Variable  
 []


Overfull \hbox (24.71342pt too wide) in paragraph at lines 613--614
[]\T1/lmr/m/n/12 Coding  
 []


Overfull \hbox (10.77971pt too wide) in paragraph at lines 615--616
[]\T1/lmr/m/n/12 Units  
 []


Overfull \hbox (64.56607pt too wide) in paragraph at lines 617--618
[]\T1/lmr/m/n/12 Minimum.Value  
 []


Overfull \hbox (66.85059pt too wide) in paragraph at lines 619--620
[]\T1/lmr/m/n/12 Maximum.Value  
 []


Overfull \hbox (29.22006pt too wide) in paragraph at lines 621--622
 []\T1/lmr/m/n/12 Missing
 []


Overfull \hbox (35.15665pt too wide) in paragraph at lines 625--625
[]|\T1/lmr/m/n/12 character|  
 []


Overfull \hbox (6.4667pt too wide) in paragraph at lines 625--625
[]|\T1/lmr/m/n/12 N/A|  
 []


Overfull \hbox (6.4667pt too wide) in paragraph at lines 625--625
[]|\T1/lmr/m/n/12 N/A|  
 []


Overfull \hbox (6.4667pt too wide) in paragraph at lines 625--625
[]|\T1/lmr/m/n/12 N/A|  
 []


Overfull \hbox (5.04893pt too wide) in paragraph at lines 626--626
[]|\T1/lmr/m/n/12 pop2022|  
 []


Overfull \hbox (22.75433pt too wide) in paragraph at lines 626--626
[]|\T1/lmr/m/n/12 integer|  
 []


Overfull \hbox (6.4667pt too wide) in paragraph at lines 626--626
[]|\T1/lmr/m/n/12 N/A|  
 []


Overfull \hbox (6.47566pt too wide) in paragraph at lines 626--626
[]|\T1/lmr/m/n/12 5161|  
 []


Overfull \hbox (24.10062pt too wide) in paragraph at lines 627--627
[]|\T1/lmr/m/n/12 2782348|  
 []


Overfull \hbox (58.37605pt too wide) in paragraph at lines 628--628
[]|\T1/lmr/m/n/12 area_milessquared|  
 []


Overfull \hbox (28.63pt too wide) in paragraph at lines 628--628
[]|\T1/lmr/m/n/12 numeric|  
 []


Overfull \hbox (9.15237pt too wide) in paragraph at lines 629--629
[]|\T1/lmr/m/n/12 miles 
 []


Overfull \hbox (22.53418pt too wide) in paragraph at lines 629--629
\T1/lmr/m/n/12 squared|  
 []


Overfull \hbox (21.48962pt too wide) in paragraph at lines 629--629
[]|\T1/lmr/m/n/12 22.6558|  
 []


Overfull \hbox (27.36461pt too wide) in paragraph at lines 629--629
[]|\T1/lmr/m/n/12 2680.379|  
 []


Overfull \hbox (73.45583pt too wide) in paragraph at lines 630--630
[]|\T1/lmr/m/n/12 density_milessquared|  
 []


Overfull \hbox (28.63pt too wide) in paragraph at lines 631--631
[]|\T1/lmr/m/n/12 numeric|  
 []


Overfull \hbox (9.15237pt too wide) in paragraph at lines 631--631
[]|\T1/lmr/m/n/12 miles 
 []


Overfull \hbox (22.53418pt too wide) in paragraph at lines 631--631
\T1/lmr/m/n/12 squared|  
 []


Overfull \hbox (15.61464pt too wide) in paragraph at lines 631--631
[]|\T1/lmr/m/n/12 3.0052|  
 []


Overfull \hbox (27.36461pt too wide) in paragraph at lines 631--631
[]|\T1/lmr/m/n/12 75738.89|  
 []


Overfull \hbox (65.29138pt too wide) in paragraph at lines 632--632
[]|\T1/lmr/m/n/12 sum_new_positives|  
 []


Overfull \hbox (22.75433pt too wide) in paragraph at lines 633--633
[]|\T1/lmr/m/n/12 integer|  
 []


Overfull \hbox (6.4667pt too wide) in paragraph at lines 633--633
[]|\T1/lmr/m/n/12 N/A|  
 []


Overfull \hbox (6.47566pt too wide) in paragraph at lines 633--633
[]|\T1/lmr/m/n/12 1054|  
 []


Overfull \hbox (24.10062pt too wide) in paragraph at lines 633--633
[]|\T1/lmr/m/n/12 2908643|  
 []


Overfull \hbox (140.35258pt too wide) in paragraph at lines 634--634
[]|\T1/lmr/m/n/12 sum_cumulative_no_of_positives|  
 []


Overfull \hbox (22.75433pt too wide) in paragraph at lines 635--635
[]|\T1/lmr/m/n/12 integer|  
 []


Overfull \hbox (6.4667pt too wide) in paragraph at lines 635--635
[]|\T1/lmr/m/n/12 N/A|  
 []


Overfull \hbox (18.22563pt too wide) in paragraph at lines 635--635
[]|\T1/lmr/m/n/12 432991|  
 []


Overfull \hbox (41.72557pt too wide) in paragraph at lines 635--635
[]|\T1/lmr/m/n/12 1224453000|  
 []


Overfull \hbox (114.56705pt too wide) in paragraph at lines 637--637
[]|\T1/lmr/m/n/12 sum_total_number_of_tests|  
 []


Overfull \hbox (22.75433pt too wide) in paragraph at lines 639--639
[]|\T1/lmr/m/n/12 integer|  
 []


Overfull \hbox (6.4667pt too wide) in paragraph at lines 639--640
[]|\T1/lmr/m/n/12 N/A|  
 []


Overfull \hbox (12.35065pt too wide) in paragraph at lines 640--640
[]|\T1/lmr/m/n/12 20261|  
 []


Overfull \hbox (29.9756pt too wide) in paragraph at lines 640--640
[]|\T1/lmr/m/n/12 60433650|  
 []


Overfull \hbox (119.78947pt too wide) in paragraph at lines 641--641
[]|\T1/lmr/m/n/12 sum_cumulative_no_of_tests|  
 []


Overfull \hbox (22.75433pt too wide) in paragraph at lines 644--644
[]|\T1/lmr/m/n/12 integer|  
 []


Overfull \hbox (6.4667pt too wide) in paragraph at lines 644--644
[]|\T1/lmr/m/n/12 N/A|  
 []


Overfull \hbox (29.9756pt too wide) in paragraph at lines 644--644
[]|\T1/lmr/m/n/12 10356620|  
 []


Overfull \hbox (47.60056pt too wide) in paragraph at lines 644--644
[]|\T1/lmr/m/n/12 27893290000|  
 []


Overfull \hbox (75.67036pt too wide) in paragraph at lines 645--645
[]|\T1/lmr/m/n/12 median_test_positive|  
 []


Overfull \hbox (35.15665pt too wide) in paragraph at lines 648--648
[]|\T1/lmr/m/n/12 character|  
 []


Overfull \hbox (6.4667pt too wide) in paragraph at lines 648--649
[]|\T1/lmr/m/n/12 N/A|  
 []


Overfull \hbox (6.4667pt too wide) in paragraph at lines 649--649
[]|\T1/lmr/m/n/12 N/A|  
 []


Overfull \hbox (6.4667pt too wide) in paragraph at lines 649--649
[]|\T1/lmr/m/n/12 N/A|  
 []


Overfull \hbox (46.88667pt too wide) in paragraph at lines 650--650
[]|\T1/lmr/m/n/12 settlement_type|  
 []


Overfull \hbox (35.15665pt too wide) in paragraph at lines 650--650
[]|\T1/lmr/m/n/12 character|  
 []


Overfull \hbox (6.4667pt too wide) in paragraph at lines 650--650
[]|\T1/lmr/m/n/12 N/A|  
 []


Overfull \hbox (6.4667pt too wide) in paragraph at lines 650--651
[]|\T1/lmr/m/n/12 N/A|  
 []


Overfull \hbox (6.4667pt too wide) in paragraph at lines 651--651
[]|\T1/lmr/m/n/12 N/A|  
 []

[14] [15]
Underfull \hbox (badness 5217) in paragraph at lines 661--679
\T1/lmr/m/n/12 ``sum_cumulative_no_of_positive'', ``sum_cumulative_no_of_tests'', ``pop2022'' and
 []


Overfull \hbox (11.89485pt too wide) in paragraph at lines 711--711
[]\T1/lmtt/m/n/12 ##   sum_new_positives sum_cumulative_no_of_positive sum_total_number_of_tests[] 
 []


Overfull \hbox (11.85283pt too wide) in paragraph at lines 711--711
[]\T1/lmtt/m/n/12 ## 1            860573                     362966136                  18713833[] 
 []


Overfull \hbox (11.87384pt too wide) in paragraph at lines 711--711
[]\T1/lmtt/m/n/12 ## 2            813384                     345088691                  14735060[] 
 []


Overfull \hbox (11.85983pt too wide) in paragraph at lines 711--711
[]\T1/lmtt/m/n/12 ## 3           2908643                    1224453265                  60433651[] 
 []


Overfull \hbox (11.85283pt too wide) in paragraph at lines 711--711
[]\T1/lmtt/m/n/12 ## 4            532466                     238589467                   8496337[] 
 []


Overfull \hbox (11.88785pt too wide) in paragraph at lines 711--711
[]\T1/lmtt/m/n/12 ## 5            480247                     214795050                   8847438[] 
 []


Overfull \hbox (11.88084pt too wide) in paragraph at lines 711--711
[]\T1/lmtt/m/n/12 ## 6            515433                     225331004                   8400598[] 
 []

[16]
Overfull \hbox (36.59486pt too wide) in paragraph at lines 741--741
[]\T1/lmtt/m/n/12 ##     County             pop2022        area_milessquared density_permilessquared[] 
 []


Overfull \hbox (5.71985pt too wide) in paragraph at lines 741--741
[]\T1/lmtt/m/n/12 ##  sum_new_positives sum_cumulative_no_of_positive sum_total_number_of_tests[] 
 []


Overfull \hbox (42.76987pt too wide) in paragraph at lines 778--778
[]\T1/lmtt/m/n/12 ##   settlement_type Mean_COVID_cases Mean_Tests_Conducted Mean_Absolute_~1 Mean_~2[] 
 []


Overfull \hbox (42.76987pt too wide) in paragraph at lines 778--778
[]\T1/lmtt/m/n/12 ##   <chr>                      <dbl>                <dbl>            <dbl>   <dbl>[] 
 []


Overfull \hbox (42.74185pt too wide) in paragraph at lines 778--778
[]\T1/lmtt/m/n/12 ## 1 Micropolitan            4166072.            98127075.           41448.    64.2[] 
 []


Overfull \hbox (42.73485pt too wide) in paragraph at lines 778--778
[]\T1/lmtt/m/n/12 ## 2 Rural                   1274503.            34469996.           15877     43.4[] 
 []


Overfull \hbox (36.56685pt too wide) in paragraph at lines 778--778
[]\T1/lmtt/m/n/12 ## 3 Urban                  80411031.          1763706740.          438622.  4495.[] 
 []

[17]
<EDA_Final_Group_Project_files/figure-latex/unnamed-chunk-4-1.pdf, id=110, 469.755pt x 180.675pt>
File: EDA_Final_Group_Project_files/figure-latex/unnamed-chunk-4-1.pdf Graphic file (type pdf)
<use EDA_Final_Group_Project_files/figure-latex/unnamed-chunk-4-1.pdf>
Package pdftex.def Info: EDA_Final_Group_Project_files/figure-latex/unnamed-chunk-4-1.pdf  used on input line 798.
(pdftex.def)             Requested size: 469.75386pt x 180.67455pt.

Underfull \hbox (badness 10000) in paragraph at lines 798--799
[][]
 []


Underfull \hbox (badness 10000) in paragraph at lines 798--799

 []

<EDA_Final_Group_Project_files/figure-latex/unnamed-chunk-5-1.pdf, id=111, 469.755pt x 180.675pt>
File: EDA_Final_Group_Project_files/figure-latex/unnamed-chunk-5-1.pdf Graphic file (type pdf)
<use EDA_Final_Group_Project_files/figure-latex/unnamed-chunk-5-1.pdf>
Package pdftex.def Info: EDA_Final_Group_Project_files/figure-latex/unnamed-chunk-5-1.pdf  used on input line 816.
(pdftex.def)             Requested size: 469.75386pt x 180.67455pt.

Underfull \hbox (badness 10000) in paragraph at lines 816--817
[][]
 []


Underfull \hbox (badness 10000) in paragraph at lines 816--817

 []

[18 <./EDA_Final_Group_Project_files/figure-latex/unnamed-chunk-4-1.pdf>]
<EDA_Final_Group_Project_files/figure-latex/unnamed-chunk-6-1.pdf, id=124, 469.755pt x 180.675pt>
File: EDA_Final_Group_Project_files/figure-latex/unnamed-chunk-6-1.pdf Graphic file (type pdf)
<use EDA_Final_Group_Project_files/figure-latex/unnamed-chunk-6-1.pdf>
Package pdftex.def Info: EDA_Final_Group_Project_files/figure-latex/unnamed-chunk-6-1.pdf  used on input line 848.
(pdftex.def)             Requested size: 469.75386pt x 180.67455pt.

Underfull \hbox (badness 10000) in paragraph at lines 848--849
[][]
 []


Underfull \hbox (badness 10000) in paragraph at lines 848--849

 []

<EDA_Final_Group_Project_files/figure-latex/unnamed-chunk-7-1.pdf, id=125, 469.755pt x 180.675pt>
File: EDA_Final_Group_Project_files/figure-latex/unnamed-chunk-7-1.pdf Graphic file (type pdf)
<use EDA_Final_Group_Project_files/figure-latex/unnamed-chunk-7-1.pdf>
Package pdftex.def Info: EDA_Final_Group_Project_files/figure-latex/unnamed-chunk-7-1.pdf  used on input line 866.
(pdftex.def)             Requested size: 469.75386pt x 180.67455pt.

Underfull \hbox (badness 10000) in paragraph at lines 866--867
[][]
 []


Underfull \hbox (badness 10000) in paragraph at lines 866--867

 []

[19 <./EDA_Final_Group_Project_files/figure-latex/unnamed-chunk-5-1.pdf>] [20 <./EDA_Final_Group_Project_files/figure-latex/unnamed-chunk-6-1.pdf> <./EDA_Final_Group_Project_files/figure-latex/unnamed-chunk-7-1.pdf>]
<EDA_Final_Group_Project_files/figure-latex/unnamed-chunk-8-1.pdf, id=154, 469.755pt x 180.675pt>
File: EDA_Final_Group_Project_files/figure-latex/unnamed-chunk-8-1.pdf Graphic file (type pdf)
<use EDA_Final_Group_Project_files/figure-latex/unnamed-chunk-8-1.pdf>
Package pdftex.def Info: EDA_Final_Group_Project_files/figure-latex/unnamed-chunk-8-1.pdf  used on input line 898.
(pdftex.def)             Requested size: 469.75386pt x 180.67455pt.

Underfull \hbox (badness 10000) in paragraph at lines 898--899
[][]
 []


Underfull \hbox (badness 10000) in paragraph at lines 898--899

 []

<EDA_Final_Group_Project_files/figure-latex/unnamed-chunk-9-1.pdf, id=155, 469.755pt x 180.675pt>
File: EDA_Final_Group_Project_files/figure-latex/unnamed-chunk-9-1.pdf Graphic file (type pdf)
<use EDA_Final_Group_Project_files/figure-latex/unnamed-chunk-9-1.pdf>
Package pdftex.def Info: EDA_Final_Group_Project_files/figure-latex/unnamed-chunk-9-1.pdf  used on input line 916.
(pdftex.def)             Requested size: 469.75386pt x 180.67455pt.

Underfull \hbox (badness 10000) in paragraph at lines 916--917
[][]
 []


Underfull \hbox (badness 10000) in paragraph at lines 916--917

 []

[21 <./EDA_Final_Group_Project_files/figure-latex/unnamed-chunk-8-1.pdf>]
<EDA_Final_Group_Project_files/figure-latex/unnamed-chunk-10-1.pdf, id=166, 469.755pt x 180.675pt>
File: EDA_Final_Group_Project_files/figure-latex/unnamed-chunk-10-1.pdf Graphic file (type pdf)
<use EDA_Final_Group_Project_files/figure-latex/unnamed-chunk-10-1.pdf>
Package pdftex.def Info: EDA_Final_Group_Project_files/figure-latex/unnamed-chunk-10-1.pdf  used on input line 948.
(pdftex.def)             Requested size: 469.75386pt x 180.67455pt.

Underfull \hbox (badness 10000) in paragraph at lines 948--949
[][]
 []


Underfull \hbox (badness 10000) in paragraph at lines 948--949

 []

[22 <./EDA_Final_Group_Project_files/figure-latex/unnamed-chunk-9-1.pdf> <./EDA_Final_Group_Project_files/figure-latex/unnamed-chunk-10-1.pdf>]
<EDA_Final_Group_Project_files/figure-latex/unnamed-chunk-11-1.pdf, id=183, 469.755pt x 180.675pt>
File: EDA_Final_Group_Project_files/figure-latex/unnamed-chunk-11-1.pdf Graphic file (type pdf)
<use EDA_Final_Group_Project_files/figure-latex/unnamed-chunk-11-1.pdf>
Package pdftex.def Info: EDA_Final_Group_Project_files/figure-latex/unnamed-chunk-11-1.pdf  used on input line 966.
(pdftex.def)             Requested size: 469.75386pt x 180.67455pt.

Underfull \hbox (badness 10000) in paragraph at lines 966--967
[][]
 []


Underfull \hbox (badness 10000) in paragraph at lines 966--967

 []

<EDA_Final_Group_Project_files/figure-latex/unnamed-chunk-12-1.pdf, id=184, 469.755pt x 180.675pt>
File: EDA_Final_Group_Project_files/figure-latex/unnamed-chunk-12-1.pdf Graphic file (type pdf)
<use EDA_Final_Group_Project_files/figure-latex/unnamed-chunk-12-1.pdf>
Package pdftex.def Info: EDA_Final_Group_Project_files/figure-latex/unnamed-chunk-12-1.pdf  used on input line 999.
(pdftex.def)             Requested size: 469.75386pt x 180.67455pt.

Underfull \hbox (badness 10000) in paragraph at lines 999--1000
[][]
 []


Underfull \hbox (badness 10000) in paragraph at lines 999--1000

 []

<EDA_Final_Group_Project_files/figure-latex/unnamed-chunk-13-1.pdf, id=185, 469.755pt x 180.675pt>
File: EDA_Final_Group_Project_files/figure-latex/unnamed-chunk-13-1.pdf Graphic file (type pdf)
<use EDA_Final_Group_Project_files/figure-latex/unnamed-chunk-13-1.pdf>
Package pdftex.def Info: EDA_Final_Group_Project_files/figure-latex/unnamed-chunk-13-1.pdf  used on input line 1016.
(pdftex.def)             Requested size: 469.75386pt x 180.67455pt.

Underfull \hbox (badness 10000) in paragraph at lines 1016--1017
[][]
 []


Underfull \hbox (badness 10000) in paragraph at lines 1016--1017

 []

[23 <./EDA_Final_Group_Project_files/figure-latex/unnamed-chunk-11-1.pdf>] [24 <./EDA_Final_Group_Project_files/figure-latex/unnamed-chunk-12-1.pdf> <./EDA_Final_Group_Project_files/figure-latex/unnamed-chunk-13-1.pdf>] [25]
Overfull \hbox (221.84496pt too wide) in paragraph at lines 1094--1094
[]\T1/lmtt/m/n/12 ## [1] "C:/Users/sasho/Desktop/Environ Data Analytics/Env872 Workspace/MiltonZouKhalsa__ENV872_EDA_FinalProject"[] 
 []

[26]

! LaTeX Error: Unicode character  (U+2212)
               not set up for use with LaTeX.

See the LaTeX manual or LaTeX Companion for explanation.
Type  H <return>  for immediate help.
 ...                                              
                                                  
l.1138 indicates no association and r = 
                                           1 or +1. 
Here is how much of TeX's memory you used:
 11901 strings out of 477031
 191846 string characters out of 5826632
 562526 words of memory out of 5000000
 32778 multiletter control sequences out of 15000+600000
 516776 words of font info for 73 fonts, out of 8000000 for 9000
 14 hyphenation exceptions out of 8191
 72i,7n,77p,386b,590s stack positions out of 10000i,1000n,20000p,200000b,200000s

!  ==> Fatal error occurred, no output PDF file produced!
